2018-06-02 12:48:04,975 [django.request:93] [base:get_response] [WARNING]- Not Found: /
2018-06-02 12:48:05,044 [django.request:93] [base:get_response] [WARNING]- Not Found: /static/assets/img/favicon.ico
2018-06-02 12:48:05,049 [django.request:93] [base:get_response] [WARNING]- Not Found: /static/assets/img/favicon.ico
2018-06-02 12:48:21,510 [django.request:93] [base:get_response] [WARNING]- Not Found: /index
2018-06-02 12:51:36,165 [django.request:93] [base:get_response] [WARNING]- Not Found: /index/
2018-06-02 12:51:40,965 [django.request:93] [base:get_response] [WARNING]- Not Found: /api
2018-06-02 13:03:47,048 [django.request:93] [base:get_response] [WARNING]- Not Found: /static/assets/css/index.css
2018-06-02 13:03:49,673 [django.request:93] [base:get_response] [WARNING]- Not Found: /static/assets/css/index.css
2018-06-02 13:07:13,413 [django.request:93] [base:get_response] [WARNING]- Not Found: /static/assets/css/index.css
2018-06-02 13:07:29,554 [django.request:93] [base:get_response] [WARNING]- Not Found: /static/assets/css/index.css
2018-06-02 13:10:29,510 [django.request:93] [base:get_response] [WARNING]- Not Found: /static/assets/css/index.css
2018-06-02 13:10:52,616 [django.request:93] [base:get_response] [WARNING]- Not Found: /static/assets/css/index.css
2018-06-02 13:11:02,288 [django.request:93] [base:get_response] [WARNING]- Not Found: /api/static/assets/css/index.css
2018-06-02 13:11:09,236 [django.request:93] [base:get_response] [WARNING]- Not Found: /smallplan/static/assets/css/index.css
2018-06-02 13:11:21,724 [django.request:93] [base:get_response] [WARNING]- Not Found: /smallplan/smallplan/static/assets/css/index.css
2018-06-02 13:11:27,973 [django.request:93] [base:get_response] [WARNING]- Not Found: /static/assets/css/index.css
2018-06-02 13:11:54,309 [django.request:93] [base:get_response] [WARNING]- Not Found: /
2018-06-02 13:11:59,134 [django.request:93] [base:get_response] [WARNING]- Not Found: /PI
2018-06-02 13:12:04,532 [django.request:93] [base:get_response] [WARNING]- Not Found: /api
2018-06-02 13:12:08,332 [django.request:93] [base:get_response] [WARNING]- Not Found: /apiindex
2018-06-02 13:12:28,737 [django.request:93] [base:get_response] [WARNING]- Not Found: /static/assets/css/index.css
2018-06-02 13:12:53,268 [django.request:93] [base:get_response] [WARNING]- Not Found: /static/
2018-06-02 13:15:21,563 [django.request:93] [base:get_response] [WARNING]- Not Found: /static/assets/css/index.css
2018-06-02 13:15:24,005 [django.request:93] [base:get_response] [WARNING]- Not Found: /static/assets/css/index.css
2018-06-02 13:16:50,405 [django.request:93] [base:get_response] [WARNING]- Not Found: /static/assets/css/index.css
2018-06-02 13:16:52,064 [django.request:93] [base:get_response] [WARNING]- Not Found: /static/assets/css/index.css
2018-06-02 13:17:27,065 [django.request:93] [base:get_response] [WARNING]- Not Found: /static/assets/css/index.css
2018-06-02 13:17:29,495 [django.request:93] [base:get_response] [WARNING]- Not Found: /static/assets/css/index.css
2018-06-02 13:17:43,297 [django.request:93] [base:get_response] [WARNING]- Not Found: /static/assets/css/index.css
2018-06-02 13:17:51,002 [django.request:93] [base:get_response] [WARNING]- Not Found: /static/assets/css/index.css
2018-06-02 13:17:52,948 [django.request:93] [base:get_response] [WARNING]- Not Found: /static/assets/css/index.css
2018-06-02 13:17:55,437 [django.request:93] [base:get_response] [WARNING]- Not Found: /static/assets/css/index.css
2018-06-02 13:17:55,954 [django.request:93] [base:get_response] [WARNING]- Not Found: /static/assets/css/index.css
2018-06-02 13:17:56,234 [django.request:93] [base:get_response] [WARNING]- Not Found: /static/assets/css/index.css
2018-06-02 13:17:56,426 [django.request:93] [base:get_response] [WARNING]- Not Found: /static/assets/css/index.css
2018-06-02 13:17:56,622 [django.request:93] [base:get_response] [WARNING]- Not Found: /static/assets/css/index.css
2018-06-02 13:18:03,869 [django.request:93] [base:get_response] [WARNING]- Not Found: /static/assets/css/index.css
2018-06-02 13:18:16,366 [django.request:93] [base:get_response] [WARNING]- Not Found: /static/assets/css/index.css
2018-06-02 13:18:23,405 [django.request:93] [base:get_response] [WARNING]- Not Found: /static
2018-06-02 13:21:56,425 [django.request:93] [base:get_response] [WARNING]- Not Found: /static/assets/css/index.css
2018-06-02 13:21:58,198 [django.request:93] [base:get_response] [WARNING]- Not Found: /static/assets/css/index.css
2018-06-02 13:23:04,395 [django.request:93] [base:get_response] [WARNING]- Not Found: /static/assets/css/index.css
2018-06-02 13:23:06,635 [django.request:93] [base:get_response] [WARNING]- Not Found: /static/assets/css/index.css
2018-06-02 13:23:26,480 [django.request:93] [base:get_response] [WARNING]- Not Found: /static/assets/css/index.css
2018-06-02 13:23:31,489 [django.request:93] [base:get_response] [WARNING]- Not Found: /static/assets/css/index.css
2018-06-02 13:27:12,414 [django.request:118] [exception:handle_uncaught_exception] [ERROR]- Internal Server Error: /api/index/
Traceback (most recent call last):
  File "C:\Program Files (x86)\Python36\lib\site-packages\django\core\handlers\exception.py", line 35, in inner
    response = get_response(request)
  File "C:\Program Files (x86)\Python36\lib\site-packages\django\core\handlers\base.py", line 128, in _get_response
    response = self.process_exception_by_middleware(e, request)
  File "C:\Program Files (x86)\Python36\lib\site-packages\django\core\handlers\base.py", line 126, in _get_response
    response = wrapped_callback(request, *callback_args, **callback_kwargs)
  File "D:\source\smallplan\smallplan\smallplan\activator.py", line 16, in process
    result = fun(request, index) if index else fun(request)
  File "D:\source\smallplan\smallplan\tjblog\views.py", line 17, in index
    return render_to_response("index.html")
  File "C:\Program Files (x86)\Python36\lib\site-packages\django\shortcuts.py", line 27, in render_to_response
    content = loader.render_to_string(template_name, context, using=using)
  File "C:\Program Files (x86)\Python36\lib\site-packages\django\template\loader.py", line 61, in render_to_string
    template = get_template(template_name, using=using)
  File "C:\Program Files (x86)\Python36\lib\site-packages\django\template\loader.py", line 15, in get_template
    return engine.get_template(template_name)
  File "C:\Program Files (x86)\Python36\lib\site-packages\django\template\backends\django.py", line 34, in get_template
    return Template(self.engine.get_template(template_name), self)
  File "C:\Program Files (x86)\Python36\lib\site-packages\django\template\engine.py", line 144, in get_template
    template, origin = self.find_template(template_name)
  File "C:\Program Files (x86)\Python36\lib\site-packages\django\template\engine.py", line 126, in find_template
    template = loader.get_template(name, skip=skip)
  File "C:\Program Files (x86)\Python36\lib\site-packages\django\template\loaders\cached.py", line 55, in get_template
    template = super().get_template(template_name, skip)
  File "C:\Program Files (x86)\Python36\lib\site-packages\django\template\loaders\base.py", line 30, in get_template
    contents, origin, origin.template_name, self.engine,
  File "C:\Program Files (x86)\Python36\lib\site-packages\django\template\base.py", line 160, in __init__
    self.nodelist = self.compile_nodelist()
  File "C:\Program Files (x86)\Python36\lib\site-packages\django\template\base.py", line 198, in compile_nodelist
    return parser.parse()
  File "C:\Program Files (x86)\Python36\lib\site-packages\django\template\base.py", line 483, in parse
    raise self.error(token, e)
  File "C:\Program Files (x86)\Python36\lib\site-packages\django\template\base.py", line 481, in parse
    compiled_result = compile_func(self, token)
  File "C:\Program Files (x86)\Python36\lib\site-packages\django\templatetags\static.py", line 159, in do_static
    return StaticNode.handle_token(parser, token)
  File "C:\Program Files (x86)\Python36\lib\site-packages\django\templatetags\static.py", line 133, in handle_token
    path = parser.compile_filter(bits[1])
  File "C:\Program Files (x86)\Python36\lib\site-packages\django\template\base.py", line 568, in compile_filter
    return FilterExpression(token, self)
  File "C:\Program Files (x86)\Python36\lib\site-packages\django\template\base.py", line 668, in __init__
    "from '%s'" % (token[upto:], token))
django.template.exceptions.TemplateSyntaxError: Could not parse the remainder: '/css/index.css' from 'assets/css/index.css'
2018-06-02 13:27:28,169 [django.request:93] [base:get_response] [WARNING]- Not Found: /static/assets/css/index.css
2018-06-02 13:28:14,406 [django.request:93] [base:get_response] [WARNING]- Not Found: /static/assets/css/index.css
2018-06-02 13:28:15,981 [django.request:93] [base:get_response] [WARNING]- Not Found: /static/assets/css/index.css
2018-06-02 13:30:19,814 [django.request:118] [exception:handle_uncaught_exception] [ERROR]- Internal Server Error: /api/index/
Traceback (most recent call last):
  File "C:\Program Files (x86)\Python36\lib\site-packages\django\template\base.py", line 475, in parse
    compile_func = self.tags[command]
KeyError: '/static'

During handling of the above exception, another exception occurred:

Traceback (most recent call last):
  File "C:\Program Files (x86)\Python36\lib\site-packages\django\core\handlers\exception.py", line 35, in inner
    response = get_response(request)
  File "C:\Program Files (x86)\Python36\lib\site-packages\django\core\handlers\base.py", line 128, in _get_response
    response = self.process_exception_by_middleware(e, request)
  File "C:\Program Files (x86)\Python36\lib\site-packages\django\core\handlers\base.py", line 126, in _get_response
    response = wrapped_callback(request, *callback_args, **callback_kwargs)
  File "D:\source\smallplan\smallplan\smallplan\activator.py", line 16, in process
    result = fun(request, index) if index else fun(request)
  File "D:\source\smallplan\smallplan\tjblog\views.py", line 17, in index
    return render_to_response("index.html")
  File "C:\Program Files (x86)\Python36\lib\site-packages\django\shortcuts.py", line 27, in render_to_response
    content = loader.render_to_string(template_name, context, using=using)
  File "C:\Program Files (x86)\Python36\lib\site-packages\django\template\loader.py", line 61, in render_to_string
    template = get_template(template_name, using=using)
  File "C:\Program Files (x86)\Python36\lib\site-packages\django\template\loader.py", line 15, in get_template
    return engine.get_template(template_name)
  File "C:\Program Files (x86)\Python36\lib\site-packages\django\template\backends\django.py", line 34, in get_template
    return Template(self.engine.get_template(template_name), self)
  File "C:\Program Files (x86)\Python36\lib\site-packages\django\template\engine.py", line 144, in get_template
    template, origin = self.find_template(template_name)
  File "C:\Program Files (x86)\Python36\lib\site-packages\django\template\engine.py", line 126, in find_template
    template = loader.get_template(name, skip=skip)
  File "C:\Program Files (x86)\Python36\lib\site-packages\django\template\loaders\cached.py", line 55, in get_template
    template = super().get_template(template_name, skip)
  File "C:\Program Files (x86)\Python36\lib\site-packages\django\template\loaders\base.py", line 30, in get_template
    contents, origin, origin.template_name, self.engine,
  File "C:\Program Files (x86)\Python36\lib\site-packages\django\template\base.py", line 160, in __init__
    self.nodelist = self.compile_nodelist()
  File "C:\Program Files (x86)\Python36\lib\site-packages\django\template\base.py", line 198, in compile_nodelist
    return parser.parse()
  File "C:\Program Files (x86)\Python36\lib\site-packages\django\template\base.py", line 477, in parse
    self.invalid_block_tag(token, command, parse_until)
  File "C:\Program Files (x86)\Python36\lib\site-packages\django\template\base.py", line 539, in invalid_block_tag
    "or load this tag?" % (token.lineno, command)
django.template.exceptions.TemplateSyntaxError: Invalid block tag on line 13: '/static'. Did you forget to register or load this tag?
2018-06-02 13:30:27,306 [django.request:93] [base:get_response] [WARNING]- Not Found: /static/assets/css/index.css
2018-06-02 13:36:42,687 [django.request:93] [base:get_response] [WARNING]- Not Found: /static/assets/css/index.css
2018-06-02 13:36:51,425 [django.request:93] [base:get_response] [WARNING]- Not Found: /static/assets/css/index.css
2018-06-02 13:38:28,347 [django.request:93] [base:get_response] [WARNING]- Not Found: /static/assets/img/Starry.jpg
2018-06-02 13:48:19,381 [django.request:93] [base:get_response] [WARNING]- Not Found: /static/
2018-06-02 15:29:59,288 [django.request:93] [base:get_response] [WARNING]- Not Found: /static/assets/js/jquery.min.js
2018-06-02 15:29:59,289 [django.request:93] [base:get_response] [WARNING]- Not Found: /static/assets/js/animatext.min.js
2018-06-02 15:29:59,299 [django.request:93] [base:get_response] [WARNING]- Not Found: /static/assets/js/animatext.min.js
2018-06-02 15:30:01,565 [django.request:93] [base:get_response] [WARNING]- Not Found: /static/assets/js/jquery.min.js
2018-06-02 15:30:01,574 [django.request:93] [base:get_response] [WARNING]- Not Found: /static/assets/js/animatext.min.js
2018-06-02 15:30:03,538 [django.request:93] [base:get_response] [WARNING]- Not Found: /static/assets/js/jquery.min.js
2018-06-02 15:30:03,539 [django.request:93] [base:get_response] [WARNING]- Not Found: /static/assets/js/animatext.min.js
2018-06-02 15:30:03,732 [django.request:93] [base:get_response] [WARNING]- Not Found: /static/assets/js/jquery.min.js
2018-06-02 15:30:03,737 [django.request:93] [base:get_response] [WARNING]- Not Found: /static/assets/js/animatext.min.js
2018-06-02 15:30:03,745 [django.request:93] [base:get_response] [WARNING]- Not Found: /static/assets/js/animatext.min.js
2018-06-02 15:30:31,199 [django.request:93] [base:get_response] [WARNING]- Not Found: /static/assets/js/jquery.min.js
2018-06-02 15:30:31,202 [django.request:93] [base:get_response] [WARNING]- Not Found: /static/assets/js/animatext.min.js
2018-06-02 15:30:40,561 [django.request:93] [base:get_response] [WARNING]- Not Found: /static/assets/js/jquery.min.js
2018-06-02 15:30:43,765 [django.request:93] [base:get_response] [WARNING]- Not Found: /static/assets
2018-06-02 15:30:49,063 [django.request:93] [base:get_response] [WARNING]- Not Found: /static/assets/css
2018-06-02 15:31:39,342 [django.request:93] [base:get_response] [WARNING]- Not Found: /static/assets/js/jquery.min.js
2018-06-02 15:31:39,344 [django.request:93] [base:get_response] [WARNING]- Not Found: /static/assets/js/animatext.min.js
2018-06-02 15:34:25,269 [django.request:93] [base:get_response] [WARNING]- Not Found: /static/assets/js/jquery.min.js
2018-06-02 15:34:25,284 [django.request:93] [base:get_response] [WARNING]- Not Found: /static/assets/js/animatext.min.js
2018-06-02 15:34:28,692 [django.request:93] [base:get_response] [WARNING]- Not Found: /static/assets/js/jquery.min.js
2018-06-02 15:34:28,693 [django.request:93] [base:get_response] [WARNING]- Not Found: /static/assets/js/animatext.min.js
2018-06-02 15:34:42,407 [django.request:93] [base:get_response] [WARNING]- Not Found: /static/assets/js/jquery.min.js
2018-06-02 15:34:42,410 [django.request:93] [base:get_response] [WARNING]- Not Found: /static/assets/js/animatext.min.js
2018-06-02 15:35:25,990 [django.request:93] [base:get_response] [WARNING]- Not Found: /static/assets/js/jquery.min.js
2018-06-02 15:35:25,991 [django.request:93] [base:get_response] [WARNING]- Not Found: /static/assets/js/animatext.min.js
2018-06-02 15:35:30,507 [django.request:93] [base:get_response] [WARNING]- Not Found: /static/assets/js/jquery.min.js
2018-06-02 15:35:30,511 [django.request:93] [base:get_response] [WARNING]- Not Found: /static/assets/js/animatext.min.js
2018-06-02 15:35:32,255 [django.request:93] [base:get_response] [WARNING]- Not Found: /static/assets/js/jquery.min.js
2018-06-02 15:35:32,260 [django.request:93] [base:get_response] [WARNING]- Not Found: /static/assets/js/animatext.min.js
2018-06-02 15:35:49,696 [django.request:93] [base:get_response] [WARNING]- Not Found: /static/assets/js/animatext.min.js
2018-06-02 15:35:49,701 [django.request:93] [base:get_response] [WARNING]- Not Found: /static/assets/js/jquery.min.js
2018-06-02 15:35:49,744 [django.request:93] [base:get_response] [WARNING]- Not Found: /static/assets/js/animatext.min.js
2018-06-02 15:35:50,811 [django.request:93] [base:get_response] [WARNING]- Not Found: /static/assets/js/jquery.min.js
2018-06-02 15:35:50,814 [django.request:93] [base:get_response] [WARNING]- Not Found: /static/assets/js/animatext.min.js
2018-06-02 15:35:51,440 [django.request:93] [base:get_response] [WARNING]- Not Found: /static/assets/js/jquery.min.js
2018-06-02 15:35:51,443 [django.request:93] [base:get_response] [WARNING]- Not Found: /static/assets/js/animatext.min.js
2018-06-02 15:44:23,257 [django.request:93] [base:get_response] [WARNING]- Not Found: /static/assets/js/jquery.min.js
2018-06-02 15:44:23,259 [django.request:93] [base:get_response] [WARNING]- Not Found: /static/assets/js/animatext.min.js
2018-06-02 15:44:24,328 [django.request:93] [base:get_response] [WARNING]- Not Found: /static/assets/js/jquery.min.js
2018-06-02 15:44:24,336 [django.request:93] [base:get_response] [WARNING]- Not Found: /static/assets/js/animatext.min.js
2018-06-02 15:44:24,358 [django.request:93] [base:get_response] [WARNING]- Not Found: /static/assets/js/animatext.min.js
2018-06-02 15:44:25,151 [django.request:93] [base:get_response] [WARNING]- Not Found: /static/assets/js/jquery.min.js
2018-06-02 15:44:25,154 [django.request:93] [base:get_response] [WARNING]- Not Found: /static/assets/js/animatext.min.js
2018-06-02 15:44:25,539 [django.request:93] [base:get_response] [WARNING]- Not Found: /static/assets/js/jquery.min.js
2018-06-02 15:44:25,548 [django.request:93] [base:get_response] [WARNING]- Not Found: /static/assets/js/animatext.min.js
2018-06-02 15:44:25,721 [django.request:93] [base:get_response] [WARNING]- Not Found: /static/assets/js/jquery.min.js
2018-06-02 15:44:25,723 [django.request:93] [base:get_response] [WARNING]- Not Found: /static/assets/js/animatext.min.js
2018-06-02 15:44:25,735 [django.request:93] [base:get_response] [WARNING]- Not Found: /static/assets/js/animatext.min.js
2018-06-02 15:44:25,906 [django.request:93] [base:get_response] [WARNING]- Not Found: /static/assets/js/jquery.min.js
2018-06-02 15:44:25,909 [django.request:93] [base:get_response] [WARNING]- Not Found: /static/assets/js/animatext.min.js
2018-06-02 15:44:25,917 [django.request:93] [base:get_response] [WARNING]- Not Found: /static/assets/js/animatext.min.js
2018-06-02 15:44:26,109 [django.request:93] [base:get_response] [WARNING]- Not Found: /static/assets/js/jquery.min.js
2018-06-02 15:44:26,112 [django.request:93] [base:get_response] [WARNING]- Not Found: /static/assets/js/animatext.min.js
2018-06-02 15:44:26,294 [django.request:93] [base:get_response] [WARNING]- Not Found: /static/assets/js/jquery.min.js
2018-06-02 15:44:26,298 [django.request:93] [base:get_response] [WARNING]- Not Found: /static/assets/js/animatext.min.js
2018-06-02 15:45:15,653 [django.request:93] [base:get_response] [WARNING]- Not Found: /static/assets/js/jquery.min.js
2018-06-02 15:45:15,654 [django.request:93] [base:get_response] [WARNING]- Not Found: /static/assets/js/animatext.min.js
2018-06-02 15:45:15,666 [django.request:93] [base:get_response] [WARNING]- Not Found: /static/assets/js/animatext.min.js
2018-06-02 15:45:21,519 [django.request:93] [base:get_response] [WARNING]- Not Found: /static/assets/js/jquery.min.js
2018-06-02 15:45:21,521 [django.request:93] [base:get_response] [WARNING]- Not Found: /static/assets/js/animatext.min.js
2018-06-02 15:45:39,361 [django.request:93] [base:get_response] [WARNING]- Not Found: /static/assets/js/animatext.min.js
2018-06-02 15:45:39,362 [django.request:93] [base:get_response] [WARNING]- Not Found: /static/assets/js/jquery.min.js
2018-06-02 15:45:39,374 [django.request:93] [base:get_response] [WARNING]- Not Found: /static/assets/js/animatext.min.js
2018-06-02 15:46:02,641 [django.request:93] [base:get_response] [WARNING]- Not Found: /static/assets/js/jquery.min.js
2018-06-02 15:46:02,642 [django.request:93] [base:get_response] [WARNING]- Not Found: /static/assets/js/animatext.min.js
2018-06-02 15:46:07,751 [django.request:93] [base:get_response] [WARNING]- Not Found: /static/assets/js/jquery.min.js
2018-06-02 15:46:07,754 [django.request:93] [base:get_response] [WARNING]- Not Found: /static/assets/js/animatext.min.js
2018-06-02 15:46:26,799 [django.request:93] [base:get_response] [WARNING]- Not Found: /static/assets/js/jquery.min.js
2018-06-02 15:46:26,802 [django.request:93] [base:get_response] [WARNING]- Not Found: /static/assets/js/animatext.min.js
2018-06-02 15:47:03,987 [django.request:93] [base:get_response] [WARNING]- Not Found: /static/assets/js/jquery.min.js
2018-06-02 15:47:03,989 [django.request:93] [base:get_response] [WARNING]- Not Found: /static/assets/js/animatext.min.js
2018-06-02 15:47:04,064 [django.request:93] [base:get_response] [WARNING]- Not Found: /static/assets/js/animatext.min.js
2018-06-02 15:47:17,552 [django.request:93] [base:get_response] [WARNING]- Not Found: /static/assets/js/jquery.min.js
2018-06-02 15:47:17,555 [django.request:93] [base:get_response] [WARNING]- Not Found: /static/assets/js/animatext.min.js
2018-06-02 15:47:36,483 [django.request:93] [base:get_response] [WARNING]- Not Found: /static/assets/js/jquery.min.js
2018-06-02 15:47:36,487 [django.request:93] [base:get_response] [WARNING]- Not Found: /static/assets/js/animatext.min.js
2018-06-02 15:47:43,600 [django.request:93] [base:get_response] [WARNING]- Not Found: /static/assets/js/animatext.min.js
2018-06-02 15:47:43,601 [django.request:93] [base:get_response] [WARNING]- Not Found: /static/assets/js/jquery.min.js
2018-06-02 15:47:43,611 [django.request:93] [base:get_response] [WARNING]- Not Found: /static/assets/js/animatext.min.js
2018-06-02 15:48:11,328 [django.request:93] [base:get_response] [WARNING]- Not Found: /static/assets/js/jquery.min.js
2018-06-02 15:48:11,331 [django.request:93] [base:get_response] [WARNING]- Not Found: /static/assets/js/animatext.min.js
2018-06-02 15:48:15,558 [django.request:93] [base:get_response] [WARNING]- Not Found: /static/assets/js/jquery.min.js
2018-06-02 15:48:15,567 [django.request:93] [base:get_response] [WARNING]- Not Found: /static/assets/js/animatext.min.js
2018-06-02 15:49:34,753 [django.request:93] [base:get_response] [WARNING]- Not Found: /static/assets/js/jquery.min.js
2018-06-02 15:49:34,754 [django.request:93] [base:get_response] [WARNING]- Not Found: /static/assets/js/animatext.min.js
2018-06-02 15:49:37,733 [django.request:93] [base:get_response] [WARNING]- Not Found: /static/assets/js/jquery.min.js
2018-06-02 15:49:37,738 [django.request:93] [base:get_response] [WARNING]- Not Found: /static/assets/js/animatext.min.js
2018-06-02 15:50:01,552 [django.request:93] [base:get_response] [WARNING]- Not Found: /static/assets/js/jquery.min.js
2018-06-02 15:50:01,559 [django.request:93] [base:get_response] [WARNING]- Not Found: /static/assets/js/animatext.min.js
2018-06-02 15:50:46,581 [django.request:93] [base:get_response] [WARNING]- Not Found: /static/assets/js/jquery.min.js
2018-06-02 15:50:46,583 [django.request:93] [base:get_response] [WARNING]- Not Found: /static/assets/js/animatext.min.js
2018-06-02 15:56:30,454 [django.request:93] [base:get_response] [WARNING]- Not Found: /static/assets/js/jquery.min.js
2018-06-02 15:56:30,456 [django.request:93] [base:get_response] [WARNING]- Not Found: /static/assets/js/animatext.min.js
2018-06-02 15:56:45,029 [django.request:93] [base:get_response] [WARNING]- Not Found: /static/assets/js/jquery.min.js
2018-06-02 15:56:45,030 [django.request:93] [base:get_response] [WARNING]- Not Found: /static/assets/js/animatext.min.js
2018-06-02 15:56:45,039 [django.request:93] [base:get_response] [WARNING]- Not Found: /static/assets/js/animatext.min.js
2018-06-02 15:59:02,831 [django.request:93] [base:get_response] [WARNING]- Not Found: /static/assets/js/jquery.min.js
2018-06-02 15:59:02,838 [django.request:93] [base:get_response] [WARNING]- Not Found: /static/assets/js/animatext.min.js
2018-06-02 15:59:54,236 [django.request:93] [base:get_response] [WARNING]- Not Found: /static/assets/js/jquery.min.js
2018-06-02 15:59:54,237 [django.request:93] [base:get_response] [WARNING]- Not Found: /static/assets/js/animatext.min.js
2018-06-02 15:59:55,178 [django.request:93] [base:get_response] [WARNING]- Not Found: /static/assets/js/jquery.min.js
2018-06-02 15:59:55,189 [django.request:93] [base:get_response] [WARNING]- Not Found: /static/assets/js/animatext.min.js
2018-06-02 16:00:37,643 [django.request:93] [base:get_response] [WARNING]- Not Found: /static/assets/js/jquery.min.js
2018-06-02 16:00:37,648 [django.request:93] [base:get_response] [WARNING]- Not Found: /static/assets/js/animatext.min.js
2018-06-02 16:01:43,831 [django.request:93] [base:get_response] [WARNING]- Not Found: /static/assets/js/jquery.min.js
2018-06-02 16:01:43,838 [django.request:93] [base:get_response] [WARNING]- Not Found: /static/assets/js/animatext.min.js
2018-06-02 16:01:43,898 [django.request:93] [base:get_response] [WARNING]- Not Found: /static/assets/js/animatext.min.js
2018-06-03 09:35:20,681 [django.request:93] [base:get_response] [WARNING]- Not Found: /static/assets/img/favicon.ico
2018-06-03 09:35:20,681 [django.request:93] [base:get_response] [WARNING]- Not Found: /static/assets/img/favicon.ico
2018-06-03 09:35:26,314 [django.request:93] [base:get_response] [WARNING]- Not Found: /static/assets/js/jquery.min.js
2018-06-03 09:35:26,316 [django.request:93] [base:get_response] [WARNING]- Not Found: /static/assets/js/animatext.min.js
2018-06-03 09:36:02,408 [django.request:93] [base:get_response] [WARNING]- Not Found: /static/assets/js/jquery.min.js
2018-06-03 09:36:02,417 [django.request:93] [base:get_response] [WARNING]- Not Found: /static/assets/js/animatext.min.js
2018-06-03 10:49:59,922 [django.request:93] [base:get_response] [WARNING]- Not Found: /static/assets/js/jquery.min.js
2018-06-03 10:49:59,923 [django.request:93] [base:get_response] [WARNING]- Not Found: /static/assets/js/animatext.min.js
2018-06-03 10:50:03,472 [django.request:93] [base:get_response] [WARNING]- Not Found: /static/assets/js/jquery.min.js
2018-06-03 10:50:03,476 [django.request:93] [base:get_response] [WARNING]- Not Found: /static/assets/js/animatext.min.js
2018-06-03 10:50:31,153 [django.request:93] [base:get_response] [WARNING]- Not Found: /static/assets/js/animatext.min.js
2018-06-03 10:50:31,319 [django.request:93] [base:get_response] [WARNING]- Not Found: /static/assets/js/jquery.min.js
2018-06-03 10:50:31,330 [django.request:93] [base:get_response] [WARNING]- Not Found: /static/assets/js/animatext.min.js
2018-06-03 10:50:57,639 [django.request:93] [base:get_response] [WARNING]- Not Found: /static/assets/js/jquery.min.js
2018-06-03 10:50:57,642 [django.request:93] [base:get_response] [WARNING]- Not Found: /static/assets/js/animatext.min.js
2018-06-03 10:51:05,360 [django.request:93] [base:get_response] [WARNING]- Not Found: /static/assets/js/jquery.min.js
2018-06-03 10:51:05,364 [django.request:93] [base:get_response] [WARNING]- Not Found: /static/assets/js/animatext.min.js
2018-06-03 10:51:37,550 [django.request:93] [base:get_response] [WARNING]- Not Found: /static/assets/js/jquery.min.js
2018-06-03 10:51:37,552 [django.request:93] [base:get_response] [WARNING]- Not Found: /static/assets/js/animatext.min.js
2018-06-03 10:51:38,399 [django.request:93] [base:get_response] [WARNING]- Not Found: /static/assets/js/jquery.min.js
2018-06-03 10:51:38,401 [django.request:93] [base:get_response] [WARNING]- Not Found: /static/assets/js/animatext.min.js
2018-06-03 10:51:40,011 [django.request:93] [base:get_response] [WARNING]- Not Found: /static/assets/js/jquery.min.js
2018-06-03 10:51:40,013 [django.request:93] [base:get_response] [WARNING]- Not Found: /static/assets/js/animatext.min.js
2018-06-03 10:51:40,025 [django.request:93] [base:get_response] [WARNING]- Not Found: /static/assets/js/animatext.min.js
2018-06-03 10:51:40,184 [django.request:93] [base:get_response] [WARNING]- Not Found: /static/assets/js/jquery.min.js
2018-06-03 10:51:40,186 [django.request:93] [base:get_response] [WARNING]- Not Found: /static/assets/js/animatext.min.js
2018-06-03 10:51:56,478 [django.request:93] [base:get_response] [WARNING]- Not Found: /static/assets/js/jquery.min.js
2018-06-03 10:51:56,480 [django.request:93] [base:get_response] [WARNING]- Not Found: /static/assets/js/animatext.min.js
2018-06-03 10:52:41,442 [django.request:93] [base:get_response] [WARNING]- Not Found: /static/assets/js/jquery.min.js
2018-06-03 10:52:41,446 [django.request:93] [base:get_response] [WARNING]- Not Found: /static/assets/js/animatext.min.js
2018-06-03 10:52:42,300 [django.request:93] [base:get_response] [WARNING]- Not Found: /static/assets/js/animatext.min.js
2018-06-03 10:52:42,302 [django.request:93] [base:get_response] [WARNING]- Not Found: /static/assets/js/jquery.min.js
2018-06-03 10:52:42,313 [django.request:93] [base:get_response] [WARNING]- Not Found: /static/assets/js/animatext.min.js
2018-06-03 10:52:48,694 [django.request:93] [base:get_response] [WARNING]- Not Found: /static/assets/js/animatext.min.js
2018-06-03 10:52:48,695 [django.request:93] [base:get_response] [WARNING]- Not Found: /static/assets/js/jquery.min.js
2018-06-03 10:52:48,704 [django.request:93] [base:get_response] [WARNING]- Not Found: /static/assets/js/animatext.min.js
2018-06-03 10:53:27,043 [django.request:93] [base:get_response] [WARNING]- Not Found: /static/assets/js/jquery.min.js
2018-06-03 10:53:27,050 [django.request:93] [base:get_response] [WARNING]- Not Found: /static/assets/js/animatext.min.js
2018-06-03 10:53:54,878 [django.request:93] [base:get_response] [WARNING]- Not Found: /static/assets/js/jquery.min.js
2018-06-03 10:53:54,881 [django.request:93] [base:get_response] [WARNING]- Not Found: /static/assets/js/animatext.min.js
2018-06-03 10:53:59,695 [django.request:93] [base:get_response] [WARNING]- Not Found: /static/assets/js/jquery.min.js
2018-06-03 10:53:59,696 [django.request:93] [base:get_response] [WARNING]- Not Found: /static/assets/js/animatext.min.js
2018-06-03 10:54:47,361 [django.request:93] [base:get_response] [WARNING]- Not Found: /static/assets/js/jquery.min.js
2018-06-03 10:54:47,364 [django.request:93] [base:get_response] [WARNING]- Not Found: /static/assets/js/animatext.min.js
2018-06-03 10:55:02,153 [django.request:93] [base:get_response] [WARNING]- Not Found: /static/assets/js/jquery.min.js
2018-06-03 10:55:02,155 [django.request:93] [base:get_response] [WARNING]- Not Found: /static/assets/js/animatext.min.js
2018-06-03 10:58:45,674 [django.request:93] [base:get_response] [WARNING]- Not Found: /static/assets/js/jquery.min.js
2018-06-03 10:58:45,681 [django.request:93] [base:get_response] [WARNING]- Not Found: /static/assets/js/animatext.min.js
2018-06-03 10:59:27,600 [django.request:93] [base:get_response] [WARNING]- Not Found: /static/assets/js/jquery.min.js
2018-06-03 10:59:27,601 [django.request:93] [base:get_response] [WARNING]- Not Found: /static/assets/js/animatext.min.js
2018-06-03 11:00:05,072 [django.request:93] [base:get_response] [WARNING]- Not Found: /static/assets/js/jquery.min.js
2018-06-03 11:00:05,076 [django.request:93] [base:get_response] [WARNING]- Not Found: /static/assets/js/animatext.min.js
2018-06-03 11:00:10,976 [django.request:93] [base:get_response] [WARNING]- Not Found: /static/assets/js/jquery.min.js
2018-06-03 11:00:10,977 [django.request:93] [base:get_response] [WARNING]- Not Found: /static/assets/js/animatext.min.js
2018-06-03 11:00:11,928 [django.request:93] [base:get_response] [WARNING]- Not Found: /static/assets/js/jquery.min.js
2018-06-03 11:00:11,932 [django.request:93] [base:get_response] [WARNING]- Not Found: /static/assets/js/animatext.min.js
2018-06-03 11:00:23,390 [django.request:93] [base:get_response] [WARNING]- Not Found: /static/assets/js/jquery.min.js
2018-06-03 11:00:23,393 [django.request:93] [base:get_response] [WARNING]- Not Found: /static/assets/js/animatext.min.js
2018-06-03 11:00:36,467 [django.request:93] [base:get_response] [WARNING]- Not Found: /static/assets/js/jquery.min.js
2018-06-03 11:00:36,470 [django.request:93] [base:get_response] [WARNING]- Not Found: /static/assets/js/animatext.min.js
2018-06-03 11:01:00,661 [django.request:93] [base:get_response] [WARNING]- Not Found: /static/assets/js/animatext.min.js
2018-06-03 11:01:00,662 [django.request:93] [base:get_response] [WARNING]- Not Found: /static/assets/js/jquery.min.js
2018-06-03 11:01:00,673 [django.request:93] [base:get_response] [WARNING]- Not Found: /static/assets/js/animatext.min.js
2018-06-03 11:01:27,179 [django.request:93] [base:get_response] [WARNING]- Not Found: /static/assets/js/jquery.min.js
2018-06-03 11:01:27,182 [django.request:93] [base:get_response] [WARNING]- Not Found: /static/assets/js/animatext.min.js
2018-06-03 11:01:38,304 [django.request:93] [base:get_response] [WARNING]- Not Found: /static/assets/js/jquery.min.js
2018-06-03 11:01:38,306 [django.request:93] [base:get_response] [WARNING]- Not Found: /static/assets/js/animatext.min.js
2018-06-03 11:03:33,500 [django.request:93] [base:get_response] [WARNING]- Not Found: /static/assets/js/jquery.min.js
2018-06-03 11:03:33,505 [django.request:93] [base:get_response] [WARNING]- Not Found: /static/assets/js/animatext.min.js
2018-06-03 11:04:01,515 [django.request:93] [base:get_response] [WARNING]- Not Found: /static/assets/js/jquery.min.js
2018-06-03 11:04:01,516 [django.request:93] [base:get_response] [WARNING]- Not Found: /static/assets/js/animatext.min.js
2018-06-03 11:04:33,471 [django.request:93] [base:get_response] [WARNING]- Not Found: /static/assets/js/jquery.min.js
2018-06-03 11:04:33,477 [django.request:93] [base:get_response] [WARNING]- Not Found: /static/assets/js/animatext.min.js
2018-06-03 11:04:58,969 [django.request:93] [base:get_response] [WARNING]- Not Found: /static/assets/js/jquery.min.js
2018-06-03 11:04:58,970 [django.request:93] [base:get_response] [WARNING]- Not Found: /static/assets/js/animatext.min.js
2018-06-03 11:04:58,982 [django.request:93] [base:get_response] [WARNING]- Not Found: /static/assets/js/animatext.min.js
2018-06-03 11:06:02,169 [django.request:93] [base:get_response] [WARNING]- Not Found: /static/assets/js/jquery.min.js
2018-06-03 11:06:02,171 [django.request:93] [base:get_response] [WARNING]- Not Found: /static/assets/js/animatext.min.js
2018-06-03 11:06:02,219 [django.request:93] [base:get_response] [WARNING]- Not Found: /static/assets/js/animatext.min.js
2018-06-03 11:06:53,685 [django.request:93] [base:get_response] [WARNING]- Not Found: /static/assets/js/animatext.min.js
2018-06-03 11:06:53,686 [django.request:93] [base:get_response] [WARNING]- Not Found: /static/assets/js/jquery.min.js
2018-06-03 11:06:53,696 [django.request:93] [base:get_response] [WARNING]- Not Found: /static/assets/js/animatext.min.js
2018-06-03 11:07:09,984 [django.request:93] [base:get_response] [WARNING]- Not Found: /static/assets/js/jquery.min.js
2018-06-03 11:07:09,990 [django.request:93] [base:get_response] [WARNING]- Not Found: /static/assets/js/animatext.min.js
2018-06-03 11:07:43,516 [django.request:93] [base:get_response] [WARNING]- Not Found: /static/assets/js/jquery.min.js
2018-06-03 11:07:43,520 [django.request:93] [base:get_response] [WARNING]- Not Found: /static/assets/js/animatext.min.js
2018-06-03 11:07:44,637 [django.request:93] [base:get_response] [WARNING]- Not Found: /static/assets/js/jquery.min.js
2018-06-03 11:07:44,641 [django.request:93] [base:get_response] [WARNING]- Not Found: /static/assets/js/animatext.min.js
2018-06-03 11:07:50,255 [django.request:93] [base:get_response] [WARNING]- Not Found: /static/assets/js/jquery.min.js
2018-06-03 11:07:50,256 [django.request:93] [base:get_response] [WARNING]- Not Found: /static/assets/js/animatext.min.js
2018-06-03 11:18:49,972 [django.request:93] [base:get_response] [WARNING]- Not Found: /static/assets/js/jquery.min.js
2018-06-03 11:18:49,986 [django.request:93] [base:get_response] [WARNING]- Not Found: /static/assets/js/animatext.min.js
2018-06-03 11:20:10,611 [django.request:93] [base:get_response] [WARNING]- Not Found: /static/assets/js/jquery.min.js
2018-06-03 11:20:10,617 [django.request:93] [base:get_response] [WARNING]- Not Found: /static/assets/js/animatext.min.js
2018-06-03 11:27:04,776 [django.request:93] [base:get_response] [WARNING]- Not Found: /static/assets/js/jquery.min.js
2018-06-03 11:27:04,782 [django.request:93] [base:get_response] [WARNING]- Not Found: /static/assets/js/animatext.min.js
2018-06-03 11:28:00,523 [django.request:93] [base:get_response] [WARNING]- Not Found: /static/assets/js/jquery.min.js
2018-06-03 11:28:00,530 [django.request:93] [base:get_response] [WARNING]- Not Found: /static/assets/js/animatext.min.js
2018-06-03 11:30:11,796 [django.request:93] [base:get_response] [WARNING]- Not Found: /static/assets/js/jquery.min.js
2018-06-03 11:30:11,801 [django.request:93] [base:get_response] [WARNING]- Not Found: /static/assets/js/animatext.min.js
2018-06-03 11:31:06,315 [django.request:93] [base:get_response] [WARNING]- Not Found: /static/assets/js/jquery.min.js
2018-06-03 11:31:06,316 [django.request:93] [base:get_response] [WARNING]- Not Found: /static/assets/js/animatext.min.js
2018-06-03 11:31:06,334 [django.request:93] [base:get_response] [WARNING]- Not Found: /static/assets/js/animatext.min.js
2018-06-03 11:32:33,209 [django.request:93] [base:get_response] [WARNING]- Not Found: /static/assets/js/jquery.min.js
2018-06-03 11:32:33,211 [django.request:93] [base:get_response] [WARNING]- Not Found: /static/assets/js/animatext.min.js
2018-06-03 11:33:05,944 [django.request:93] [base:get_response] [WARNING]- Not Found: /static/assets/js/jquery.min.js
2018-06-03 11:33:06,122 [django.request:93] [base:get_response] [WARNING]- Not Found: /static/assets/js/animatext.min.js
2018-06-03 11:36:38,843 [django.request:93] [base:get_response] [WARNING]- Not Found: /static/assets/js/animatext.min.js
2018-06-03 11:36:38,845 [django.request:93] [base:get_response] [WARNING]- Not Found: /static/assets/js/jquery.min.js
2018-06-03 11:36:38,858 [django.request:93] [base:get_response] [WARNING]- Not Found: /static/assets/js/animatext.min.js
2018-06-03 11:36:41,206 [django.request:93] [base:get_response] [WARNING]- Not Found: /static/assets/js/jquery.min.js
2018-06-03 11:36:41,211 [django.request:93] [base:get_response] [WARNING]- Not Found: /static/assets/js/animatext.min.js
2018-06-03 11:38:13,200 [django.request:93] [base:get_response] [WARNING]- Not Found: /static/assets/js/jquery.min.js
2018-06-03 11:38:13,204 [django.request:93] [base:get_response] [WARNING]- Not Found: /static/assets/js/animatext.min.js
2018-06-03 11:41:42,336 [django.request:93] [base:get_response] [WARNING]- Not Found: /static/assets/js/jquery.min.js
2018-06-03 11:41:42,344 [django.request:93] [base:get_response] [WARNING]- Not Found: /static/assets/js/animatext.min.js
2018-06-03 11:41:42,399 [django.request:93] [base:get_response] [WARNING]- Not Found: /static/assets/js/animatext.min.js
2018-06-03 11:42:10,611 [django.request:93] [base:get_response] [WARNING]- Not Found: /static/assets/js/animatext.min.js
2018-06-03 11:42:10,612 [django.request:93] [base:get_response] [WARNING]- Not Found: /static/assets/js/jquery.min.js
2018-06-03 11:42:10,731 [django.request:93] [base:get_response] [WARNING]- Not Found: /static/assets/js/animatext.min.js
2018-06-03 11:42:48,431 [django.request:93] [base:get_response] [WARNING]- Not Found: /static/assets/js/jquery.min.js
2018-06-03 11:42:48,439 [django.request:93] [base:get_response] [WARNING]- Not Found: /static/assets/js/animatext.min.js
2018-06-03 11:46:31,497 [django.request:93] [base:get_response] [WARNING]- Not Found: /static/assets/js/jquery.min.js
2018-06-03 11:46:31,508 [django.request:93] [base:get_response] [WARNING]- Not Found: /static/assets/js/animatext.min.js
2018-06-03 11:46:33,944 [django.request:93] [base:get_response] [WARNING]- Not Found: /static/assets/js/animatext.min.js
2018-06-03 11:46:33,948 [django.request:93] [base:get_response] [WARNING]- Not Found: /static/assets/js/jquery.min.js
2018-06-03 11:46:33,962 [django.request:93] [base:get_response] [WARNING]- Not Found: /static/assets/js/animatext.min.js
2018-06-03 11:46:38,678 [django.request:93] [base:get_response] [WARNING]- Not Found: /static/assets/js/jquery.min.js
2018-06-03 11:46:38,712 [django.request:93] [base:get_response] [WARNING]- Not Found: /static/assets/js/animatext.min.js
2018-06-03 11:46:58,359 [django.request:93] [base:get_response] [WARNING]- Not Found: /static/assets/js
2018-06-03 11:47:02,052 [django.request:93] [base:get_response] [WARNING]- Not Found: /static/assets/js/jquery.min.js
2018-06-03 11:47:02,056 [django.request:93] [base:get_response] [WARNING]- Not Found: /static/assets/js/animatext.min.js
2018-06-03 11:47:02,109 [django.request:93] [base:get_response] [WARNING]- Not Found: /static/assets/js/animatext.min.js
2018-06-03 11:47:08,366 [django.request:93] [base:get_response] [WARNING]- Not Found: /static/assets/js/jquery.min.js
2018-06-03 11:47:08,367 [django.request:93] [base:get_response] [WARNING]- Not Found: /static/assets/js/animatext.min.js
2018-06-03 11:47:12,048 [django.request:93] [base:get_response] [WARNING]- Not Found: /static/assets/js/jquery.min.js
2018-06-03 11:47:12,066 [django.request:93] [base:get_response] [WARNING]- Not Found: /static/assets/js/animatext.min.js
2018-06-03 11:47:22,682 [django.request:93] [base:get_response] [WARNING]- Not Found: /static/assets/js
2018-06-03 11:50:12,975 [django.request:93] [base:get_response] [WARNING]- Not Found: /static/assets/js/jquery.min.js
2018-06-03 11:50:12,979 [django.request:93] [base:get_response] [WARNING]- Not Found: /static/assets/js/animatext.min.js
2018-06-03 11:50:15,389 [django.request:93] [base:get_response] [WARNING]- Not Found: /static/assets/js/jquery.min.js
2018-06-03 11:50:15,392 [django.request:93] [base:get_response] [WARNING]- Not Found: /static/assets/js/animatext.min.js
2018-06-03 11:53:23,955 [django.request:93] [base:get_response] [WARNING]- Not Found: /static/assets/js/jquery.min.js
2018-06-03 11:53:23,962 [django.request:93] [base:get_response] [WARNING]- Not Found: /static/assets/js/animatext.min.js
2018-06-03 11:53:26,200 [django.request:93] [base:get_response] [WARNING]- Not Found: /static/assets/js
2018-06-03 11:54:21,403 [django.request:93] [base:get_response] [WARNING]- Not Found: /static/assets/js/jquery.min.js
2018-06-03 11:54:21,415 [django.request:93] [base:get_response] [WARNING]- Not Found: /static/assets/js/animatext.min.js
2018-06-03 11:54:27,477 [django.request:118] [exception:handle_uncaught_exception] [ERROR]- Internal Server Error: /api/index/
Traceback (most recent call last):
  File "C:\Program Files (x86)\Python36\lib\site-packages\django\template\base.py", line 475, in parse
    compile_func = self.tags[command]
KeyError: "'/static/assets/js/canvas-particle.js'"

During handling of the above exception, another exception occurred:

Traceback (most recent call last):
  File "C:\Program Files (x86)\Python36\lib\site-packages\django\core\handlers\exception.py", line 35, in inner
    response = get_response(request)
  File "C:\Program Files (x86)\Python36\lib\site-packages\django\core\handlers\base.py", line 128, in _get_response
    response = self.process_exception_by_middleware(e, request)
  File "C:\Program Files (x86)\Python36\lib\site-packages\django\core\handlers\base.py", line 126, in _get_response
    response = wrapped_callback(request, *callback_args, **callback_kwargs)
  File "D:\source\smallplan\smallplan\smallplan\activator.py", line 16, in process
    result = fun(request, index) if index else fun(request)
  File "D:\source\smallplan\smallplan\tjblog\views.py", line 17, in index
    return render_to_response("index.html")
  File "C:\Program Files (x86)\Python36\lib\site-packages\django\shortcuts.py", line 27, in render_to_response
    content = loader.render_to_string(template_name, context, using=using)
  File "C:\Program Files (x86)\Python36\lib\site-packages\django\template\loader.py", line 61, in render_to_string
    template = get_template(template_name, using=using)
  File "C:\Program Files (x86)\Python36\lib\site-packages\django\template\loader.py", line 15, in get_template
    return engine.get_template(template_name)
  File "C:\Program Files (x86)\Python36\lib\site-packages\django\template\backends\django.py", line 34, in get_template
    return Template(self.engine.get_template(template_name), self)
  File "C:\Program Files (x86)\Python36\lib\site-packages\django\template\engine.py", line 144, in get_template
    template, origin = self.find_template(template_name)
  File "C:\Program Files (x86)\Python36\lib\site-packages\django\template\engine.py", line 126, in find_template
    template = loader.get_template(name, skip=skip)
  File "C:\Program Files (x86)\Python36\lib\site-packages\django\template\loaders\cached.py", line 55, in get_template
    template = super().get_template(template_name, skip)
  File "C:\Program Files (x86)\Python36\lib\site-packages\django\template\loaders\base.py", line 30, in get_template
    contents, origin, origin.template_name, self.engine,
  File "C:\Program Files (x86)\Python36\lib\site-packages\django\template\base.py", line 160, in __init__
    self.nodelist = self.compile_nodelist()
  File "C:\Program Files (x86)\Python36\lib\site-packages\django\template\base.py", line 198, in compile_nodelist
    return parser.parse()
  File "C:\Program Files (x86)\Python36\lib\site-packages\django\template\base.py", line 477, in parse
    self.invalid_block_tag(token, command, parse_until)
  File "C:\Program Files (x86)\Python36\lib\site-packages\django\template\base.py", line 539, in invalid_block_tag
    "or load this tag?" % (token.lineno, command)
django.template.exceptions.TemplateSyntaxError: Invalid block tag on line 18: ''/static/assets/js/canvas-particle.js''. Did you forget to register or load this tag?
2018-06-03 11:54:29,169 [django.request:118] [exception:handle_uncaught_exception] [ERROR]- Internal Server Error: /api/index/
Traceback (most recent call last):
  File "C:\Program Files (x86)\Python36\lib\site-packages\django\template\base.py", line 475, in parse
    compile_func = self.tags[command]
KeyError: "'/static/assets/js/canvas-particle.js'"

During handling of the above exception, another exception occurred:

Traceback (most recent call last):
  File "C:\Program Files (x86)\Python36\lib\site-packages\django\core\handlers\exception.py", line 35, in inner
    response = get_response(request)
  File "C:\Program Files (x86)\Python36\lib\site-packages\django\core\handlers\base.py", line 128, in _get_response
    response = self.process_exception_by_middleware(e, request)
  File "C:\Program Files (x86)\Python36\lib\site-packages\django\core\handlers\base.py", line 126, in _get_response
    response = wrapped_callback(request, *callback_args, **callback_kwargs)
  File "D:\source\smallplan\smallplan\smallplan\activator.py", line 16, in process
    result = fun(request, index) if index else fun(request)
  File "D:\source\smallplan\smallplan\tjblog\views.py", line 17, in index
    return render_to_response("index.html")
  File "C:\Program Files (x86)\Python36\lib\site-packages\django\shortcuts.py", line 27, in render_to_response
    content = loader.render_to_string(template_name, context, using=using)
  File "C:\Program Files (x86)\Python36\lib\site-packages\django\template\loader.py", line 61, in render_to_string
    template = get_template(template_name, using=using)
  File "C:\Program Files (x86)\Python36\lib\site-packages\django\template\loader.py", line 15, in get_template
    return engine.get_template(template_name)
  File "C:\Program Files (x86)\Python36\lib\site-packages\django\template\backends\django.py", line 34, in get_template
    return Template(self.engine.get_template(template_name), self)
  File "C:\Program Files (x86)\Python36\lib\site-packages\django\template\engine.py", line 144, in get_template
    template, origin = self.find_template(template_name)
  File "C:\Program Files (x86)\Python36\lib\site-packages\django\template\engine.py", line 126, in find_template
    template = loader.get_template(name, skip=skip)
  File "C:\Program Files (x86)\Python36\lib\site-packages\django\template\loaders\cached.py", line 55, in get_template
    template = super().get_template(template_name, skip)
  File "C:\Program Files (x86)\Python36\lib\site-packages\django\template\loaders\base.py", line 30, in get_template
    contents, origin, origin.template_name, self.engine,
  File "C:\Program Files (x86)\Python36\lib\site-packages\django\template\base.py", line 160, in __init__
    self.nodelist = self.compile_nodelist()
  File "C:\Program Files (x86)\Python36\lib\site-packages\django\template\base.py", line 198, in compile_nodelist
    return parser.parse()
  File "C:\Program Files (x86)\Python36\lib\site-packages\django\template\base.py", line 477, in parse
    self.invalid_block_tag(token, command, parse_until)
  File "C:\Program Files (x86)\Python36\lib\site-packages\django\template\base.py", line 539, in invalid_block_tag
    "or load this tag?" % (token.lineno, command)
django.template.exceptions.TemplateSyntaxError: Invalid block tag on line 18: ''/static/assets/js/canvas-particle.js''. Did you forget to register or load this tag?
2018-06-03 11:54:52,908 [django.request:93] [base:get_response] [WARNING]- Not Found: /static/assets/js/animatext.min.js
2018-06-03 11:54:52,910 [django.request:93] [base:get_response] [WARNING]- Not Found: /static/assets/js/jquery.min.js
2018-06-03 11:54:52,926 [django.request:93] [base:get_response] [WARNING]- Not Found: /static/assets/js/animatext.min.js
2018-06-03 11:54:59,875 [django.request:93] [base:get_response] [WARNING]- Not Found: /static/assets/js/jquery.min.js
2018-06-03 11:54:59,884 [django.request:93] [base:get_response] [WARNING]- Not Found: /static/assets/js/animatext.min.js
2018-06-03 11:55:00,053 [django.request:93] [base:get_response] [WARNING]- Not Found: /static/assets/js/animatext.min.js
2018-06-03 11:55:04,317 [django.request:93] [base:get_response] [WARNING]- Not Found: /static/assets/js/jquery.min.js
2018-06-03 11:55:04,320 [django.request:93] [base:get_response] [WARNING]- Not Found: /static/assets/js/animatext.min.js
2018-06-03 11:55:27,328 [django.request:93] [base:get_response] [WARNING]- Not Found: /static/assets/js/jquery.min.js
2018-06-03 11:55:27,332 [django.request:93] [base:get_response] [WARNING]- Not Found: /static/assets/js/animatext.min.js
2018-06-03 11:56:13,011 [django.request:93] [base:get_response] [WARNING]- Not Found: /static/assets/js/jquery.min.js
2018-06-03 11:56:13,016 [django.request:93] [base:get_response] [WARNING]- Not Found: /static/assets/js/animatext.min.js
2018-06-03 11:56:21,034 [django.request:93] [base:get_response] [WARNING]- Not Found: /static/assets/js/jquery.min.js
2018-06-03 11:56:21,046 [django.request:93] [base:get_response] [WARNING]- Not Found: /static/assets/js/animatext.min.js
2018-06-03 11:56:30,556 [django.request:93] [base:get_response] [WARNING]- Not Found: /static/assets/js/jquery.min.js
2018-06-03 11:56:56,804 [django.request:93] [base:get_response] [WARNING]- Not Found: /static/assets/js/jquery.min.js
2018-06-03 11:57:01,576 [django.request:93] [base:get_response] [WARNING]- Not Found: /static/assets/js/animatext.min.js
2018-06-03 11:57:01,816 [django.request:93] [base:get_response] [WARNING]- Not Found: /static/assets/js/animatext.min.js
2018-06-03 11:57:09,829 [django.request:93] [base:get_response] [WARNING]- Not Found: /static/assets/js/animatext.min.js
2018-06-03 11:57:35,661 [django.request:93] [base:get_response] [WARNING]- Not Found: /static/assets/js/animatext.min.js
2018-06-03 11:57:37,586 [django.request:93] [base:get_response] [WARNING]- Not Found: /static/assets/js/animatext.min.js
2018-06-09 16:24:34,934 [django.request:93] [base:get_response] [WARNING]- Not Found: /
2018-06-09 16:24:35,001 [django.request:93] [base:get_response] [WARNING]- Not Found: /static/assets/img/favicon.ico
2018-06-09 16:24:35,007 [django.request:93] [base:get_response] [WARNING]- Not Found: /static/assets/img/favicon.ico
